<?xml version="1.0" encoding="UTF-8"?>
<!-- Generated by org.testng.reporters.JUnitReportReporter -->
<testsuite hostname="DESKTOP-Q2JV57L" failures="0" tests="8" name="Tests.Test_Runner" time="47.686" errors="0" timestamp="2022-08-10T18:10:27 CAT" skipped="0">
  <testcase classname="Tests.Test_Runner" name="Verify_Page_Title_Test" time="5.856"/>
  <system-out/>
  <testcase classname="Tests.Test_Runner" name="Navigate_To_Personal_Loans_Test" time="8.018"/>
  <system-out/>
  <testcase classname="Tests.Test_Runner" name="Click_Calculate_Button_Test" time="5.852"/>
  <system-out/>
  <testcase classname="Tests.Test_Runner" name="Select_Amount_From_Dropdown_Test" time="6.029"/>
  <system-out/>
  <testcase classname="Tests.Test_Runner" name="Click_Next_Button_Test" time="5.701"/>
  <system-out/>
  <testcase classname="Tests.Test_Runner" name="Select_Period_From_Dropdown_Test" time="5.733"/>
  <system-out/>
  <testcase classname="Tests.Test_Runner" name="Calculate_Installment_Test" time="0.115"/>
  <system-out/>
  <testcase classname="Tests.Test_Runner" name="Verify_Installment_Amount_Test" time="10.382"/>
  <system-out/>
</testsuite> <!-- Tests.Test_Runner -->
