<?xml version="1.0" encoding="UTF-8"?>
<!-- Generated by org.testng.reporters.JUnitReportReporter -->
<testsuite hostname="DESKTOP-Q2JV57L" failures="0" tests="1" name="Tests.Test_Runner" time="0.011" errors="0" timestamp="2022-08-10T15:13:25 CAT" skipped="0">
  <testcase classname="Tests.Test_Runner" name="Verify_Page_Title" time="0.011"/>
  <system-out/>
</testsuite> <!-- Tests.Test_Runner -->
